Warning[203] C:\USERS\DILAN\DESKTOP\LABORATORIO\EJERCICIO7B.ASM 20 : Found opcode in column 1. (GOTO)
Warning[205] C:\USERS\DILAN\DESKTOP\LABORATORIO\EJERCICIO7B.ASM 35 : Found directive in column 1. (BANKSEL)
Message[302] C:\USERS\DILAN\DESKTOP\LABORATORIO\EJERCICIO7B.ASM 36 : Register in operand not in bank 0.  Ensure that bank bits are correct.
Message[302] C:\USERS\DILAN\DESKTOP\LABORATORIO\EJERCICIO7B.ASM 37 : Register in operand not in bank 0.  Ensure that bank bits are correct.
Message[302] C:\USERS\DILAN\DESKTOP\LABORATORIO\EJERCICIO7B.ASM 38 : Register in operand not in bank 0.  Ensure that bank bits are correct.
Warning[205] C:\USERS\DILAN\DESKTOP\LABORATORIO\EJERCICIO7B.ASM 40 : Found directive in column 1. (BANKSEL)
Message[302] C:\USERS\DILAN\DESKTOP\LABORATORIO\EJERCICIO7B.ASM 41 : Register in operand not in bank 0.  Ensure that bank bits are correct.
Message[302] C:\USERS\DILAN\DESKTOP\LABORATORIO\EJERCICIO7B.ASM 42 : Register in operand not in bank 0.  Ensure that bank bits are correct.
Message[302] C:\USERS\DILAN\DESKTOP\LABORATORIO\EJERCICIO7B.ASM 43 : Register in operand not in bank 0.  Ensure that bank bits are correct.
Message[302] C:\USERS\DILAN\DESKTOP\LABORATORIO\EJERCICIO7B.ASM 44 : Register in operand not in bank 0.  Ensure that bank bits are correct.
Warning[205] C:\USERS\DILAN\DESKTOP\LABORATORIO\EJERCICIO7B.ASM 47 : Found directive in column 1. (BANKSEL)
Warning[205] C:\USERS\DILAN\DESKTOP\LABORATORIO\EJERCICIO7B.ASM 51 : Found directive in column 1. (BANKSEL)
Message[302] C:\USERS\DILAN\DESKTOP\LABORATORIO\EJERCICIO7B.ASM 52 : Register in operand not in bank 0.  Ensure that bank bits are correct.
Message[302] C:\USERS\DILAN\DESKTOP\LABORATORIO\EJERCICIO7B.ASM 53 : Register in operand not in bank 0.  Ensure that bank bits are correct.
Warning[203] C:\USERS\DILAN\DESKTOP\LABORATORIO\EJERCICIO7B.ASM 54 : Found opcode in column 1. (GOTO)
Warning[203] C:\USERS\DILAN\DESKTOP\LABORATORIO\EJERCICIO7B.ASM 87 : Found opcode in column 1. (GOTO)
Message[302] C:\USERS\DILAN\DESKTOP\LABORATORIO\EJERCICIO7B.ASM 96 : Register in operand not in bank 0.  Ensure that bank bits are correct.
Warning[203] C:\USERS\DILAN\DESKTOP\LABORATORIO\EJERCICIO7B.ASM 105 : Found opcode in column 1. (RETURN)
Message[305] C:\USERS\DILAN\DESKTOP\LABORATORIO\EJERCICIO7B.ASM 118 : Using default destination of 1 (file).
Message[305] C:\USERS\DILAN\DESKTOP\LABORATORIO\EJERCICIO7B.ASM 128 : Using default destination of 1 (file).
Message[305] C:\USERS\DILAN\DESKTOP\LABORATORIO\EJERCICIO7B.ASM 138 : Using default destination of 1 (file).
Warning[203] C:\USERS\DILAN\DESKTOP\LABORATORIO\EJERCICIO7B.ASM 164 : Found opcode in column 1. (RETURN)
Warning[203] C:\USERS\DILAN\DESKTOP\LABORATORIO\EJERCICIO7B.ASM 179 : Found opcode in column 1. (RETURN)
Warning[203] C:\USERS\DILAN\DESKTOP\LABORATORIO\EJERCICIO7B.ASM 191 : Found opcode in column 1. (RETURN)
Warning[203] C:\USERS\DILAN\DESKTOP\LABORATORIO\EJERCICIO7B.ASM 203 : Found opcode in column 1. (RETURN)
Warning[203] C:\USERS\DILAN\DESKTOP\LABORATORIO\EJERCICIO7B.ASM 215 : Found opcode in column 1. (RETURN)
Warning[203] C:\USERS\DILAN\DESKTOP\LABORATORIO\EJERCICIO7B.ASM 233 : Found opcode in column 1. (RETURN)
Warning[203] C:\USERS\DILAN\DESKTOP\LABORATORIO\EJERCICIO7B.ASM 244 : Found opcode in column 1. (RETURN)
Warning[203] C:\USERS\DILAN\DESKTOP\LABORATORIO\EJERCICIO7B.ASM 251 : Found opcode in column 1. (RETURN)
Warning[203] C:\USERS\DILAN\DESKTOP\LABORATORIO\EJERCICIO7B.ASM 258 : Found opcode in column 1. (RETURN)
Warning[203] C:\USERS\DILAN\DESKTOP\LABORATORIO\EJERCICIO7B.ASM 301 : Found opcode in column 1. (MOVLW)
Warning[203] C:\USERS\DILAN\DESKTOP\LABORATORIO\EJERCICIO7B.ASM 302 : Found opcode in column 1. (MOVWF)
Warning[203] C:\USERS\DILAN\DESKTOP\LABORATORIO\EJERCICIO7B.ASM 303 : Found opcode in column 1. (MOVLW)
Warning[203] C:\USERS\DILAN\DESKTOP\LABORATORIO\EJERCICIO7B.ASM 304 : Found opcode in column 1. (MOVWF)
Warning[203] C:\USERS\DILAN\DESKTOP\LABORATORIO\EJERCICIO7B.ASM 306 : Found opcode in column 1. (DECFSZ)
Warning[203] C:\USERS\DILAN\DESKTOP\LABORATORIO\EJERCICIO7B.ASM 307 : Found opcode in column 1. (GOTO)
Warning[203] C:\USERS\DILAN\DESKTOP\LABORATORIO\EJERCICIO7B.ASM 308 : Found opcode in column 1. (DECFSZ)
Warning[203] C:\USERS\DILAN\DESKTOP\LABORATORIO\EJERCICIO7B.ASM 309 : Found opcode in column 1. (GOTO)
Warning[203] C:\USERS\DILAN\DESKTOP\LABORATORIO\EJERCICIO7B.ASM 310 : Found opcode in column 1. (RETURN)
Warning[205] C:\USERS\DILAN\DESKTOP\LABORATORIO\EJERCICIO7B.ASM 311 : Found directive in column 1. (END)
