MPASM  5.51                   EJERCICIO7B.ASM   6-9-2025  12:09:33         PAGE  1


LOC  OBJECT CODE     LINE SOURCE TEXT
  VALUE

                      00001 #INCLUDE "P16F887.INC"
                      00001         LIST
                      00002 
                      00003 ;==========================================================================
                      00004 ;  MPASM PIC16F887 processor include
                      00005 ; 
                      00006 ;  (c) Copyright 1999-2013 Microchip Technology, All rights reserved
                      00007 ;==========================================================================
                      00008 
                      00809         LIST
                      00002         
2007   2FE1           00003         __CONFIG _CONFIG1,(_CP_OFF & _WDT_OFF & _PWRTE_ON & _XT_OSC & _LVP_OFF)
2008   3EFF           00004         __CONFIG _CONFIG2, _BOR21V
                      00005 
  0000000C            00006 DCounter1 EQU 0X0C
  0000000D            00007 DCounter2 EQU 0X0D
  00000023            00008 REGU EQU 0X23
  00000024            00009 REGD EQU 0X24
  00000025            00010 REGC EQU 0X25
  00000026            00011 REGM EQU 0X26
  00000027            00012 REGSL EQU 0X27
  00000028            00013 REGSH EQU 0X28
                      00014 
                      00015 
                      00016 
                      00017                                 
                      00018                                 
0000                  00019                                 ORG 0X00
Warning[203]: Found opcode in column 1. (GOTO)
0000   280C           00020 GOTO SALTO
0001                  00021 TABLA:
0001   0782           00022         ADDWF PCL,F
0002   3430           00023         RETLW '0'
0003   3431           00024         RETLW '1'
0004   3432           00025         RETLW '2'
0005   3433           00026         RETLW '3'
0006   3434           00027         RETLW '4'
0007   3435           00028         RETLW '5'
0008   3436           00029         RETLW '6'
0009   3437           00030         RETLW '7'
000A   3438           00031         RETLW '8'
000B   3439           00032         RETLW '9'
000C                  00033 SALTO
                      00034 ;#################Anulamos las entradas analogicas menos la AN0
Warning[205]: Found directive in column 1. (BANKSEL)
000C   1683 1703      00035 BANKSEL ANSEL 
Message[302]: Register in operand not in bank 0.  Ensure that bank bits are correct.
000E   0189           00036         CLRF ANSELH
Message[302]: Register in operand not in bank 0.  Ensure that bank bits are correct.
000F   0188           00037         CLRF ANSEL
Message[302]: Register in operand not in bank 0.  Ensure that bank bits are correct.
0010   1408           00038         BSF ANSEL,0
                      00039 ;##########Configuramos los Pines como salidas, menos el pin 0 de tris a (AN0)
MPASM  5.51                   EJERCICIO7B.ASM   6-9-2025  12:09:33         PAGE  2


LOC  OBJECT CODE     LINE SOURCE TEXT
  VALUE

Warning[205]: Found directive in column 1. (BANKSEL)
0011   1683 1303      00040 BANKSEL TRISA
Message[302]: Register in operand not in bank 0.  Ensure that bank bits are correct.
0013   0185           00041         CLRF TRISA
Message[302]: Register in operand not in bank 0.  Ensure that bank bits are correct.
0014   1405           00042         BSF TRISA,0
Message[302]: Register in operand not in bank 0.  Ensure that bank bits are correct.
0015   0189           00043         CLRF TRISE
Message[302]: Register in operand not in bank 0.  Ensure that bank bits are correct.
0016   0188           00044         CLRF TRISD
                      00045 
                      00046 ;######################Configuramos ADCON0 y ADCON1
Warning[205]: Found directive in column 1. (BANKSEL)
0017   1283 1303      00047 BANKSEL ADCON0
0019   3041           00048         MOVLW B'01000001';Fosc 8,adon
001A   009F           00049         MOVWF ADCON0
                      00050 
Warning[205]: Found directive in column 1. (BANKSEL)
001B   1683 1303      00051 BANKSEL ADCON1
Message[302]: Register in operand not in bank 0.  Ensure that bank bits are correct.
001D   019F           00052         CLRF ADCON1
Message[302]: Register in operand not in bank 0.  Ensure that bank bits are correct.
001E   179F           00053         BSF ADCON1,7;JUSTIFICACION DERECHA 
Warning[203]: Found opcode in column 1. (GOTO)
001F   282C           00054 GOTO  INICIO
                      00055 ;=========================================================
0020                  00056 LCD_CONFIG
0020   1009           00057         BCF PORTE,0     ;AS EN 0 PARA COMANDO
0021   1089           00058         BCF PORTE,1 ;AW EN 1 PARA ESCRIBIR 
                      00059 
0022                  00060 COMANDOS3 ; IN OUT CHARACTER 
0022   3006           00061         MOVLW B'00000110'
0023   0088           00062         MOVWF PORTD
0024   20C2           00063         CALL ENABLE
                      00064 
0025                  00065 COMANDOS2 ; ON-OFF
0025   300C           00066         MOVLW B'00001100'
0026   0088           00067         MOVWF PORTD
0027   20C2           00068         CALL ENABLE
                      00069 
0028                  00070 COMANDOS1
0028   303C           00071         MOVLW B'00111100'
0029   0088           00072         MOVWF PORTD
002A   20C2           00073         CALL ENABLE
002B   0008           00074         RETURN
                      00075 ;========================================================
002C                  00076 INICIO;############### ORDEN DE EJECUCION DE PROCESOS
002C   149F           00077         BSF ADCON0,1;GO/DONE
002D   189F           00078         BTFSC ADCON0,1
002E   282D           00079         GOTO $-.1
002F   2036           00080         CALL MAPE
0030   2045           00081         CALL DESCOMP
0031   2061           00082         CALL REVCAS
MPASM  5.51                   EJERCICIO7B.ASM   6-9-2025  12:09:33         PAGE  3


LOC  OBJECT CODE     LINE SOURCE TEXT
  VALUE

0032   208E           00083         CALL ARREGLO
0033   2020           00084         CALL LCD_CONFIG
0034   20AA           00085         CALL ESCRIBIR
                      00086         
Warning[203]: Found opcode in column 1. (GOTO)
0035   282C           00087 GOTO INICIO
                      00088 
                      00089 
                      00090 ;###################CARGO LOS VALORES DE ADRESL Y ADRESH EN GPR#####
0036                  00091 MAPE
0036   01A7           00092         CLRF REGSL
0037   01A8           00093         CLRF REGSH
                      00094         
0038   1683 1303      00095         BANKSEL ADRESL
Message[302]: Register in operand not in bank 0.  Ensure that bank bits are correct.
003A   081E           00096         MOVF ADRESL,W
003B   1283 1303      00097         BANKSEL PORTC
003D   00A7           00098         MOVWF REGSL
                      00099 
003E   1283 1303      00100         BANKSEL ADRESH
0040   081E           00101         MOVF ADRESH,W
0041   1283 1303      00102         BANKSEL PORTD
0043   00A8           00103         MOVWF REGSH
                      00104 
Warning[203]: Found opcode in column 1. (RETURN)
0044   0008           00105 RETURN
                      00106 ;#####################Descompongo#############
0045                  00107 DESCOMP
0045   01A5           00108         CLRF REGC
0046   01A4           00109         CLRF REGD
0047   01A3           00110         CLRF REGU
0048   01A6           00111         CLRF REGM
                      00112 
0049                  00113 CENTENA 
0049   3064           00114         MOVLW .100
004A   02A7           00115         SUBWF REGSL,F
004B   1803           00116         BTFSC STATUS,C
004C   284F           00117         GOTO $+.3
Message[305]: Using default destination of 1 (file).
004D   07A7           00118         ADDWF REGSL
004E   2851           00119         GOTO DECENA
004F   0AA5           00120         INCF REGC,F
0050   284A           00121         GOTO $-.6
                      00122 
0051                  00123 DECENA
0051   300A           00124         MOVLW .10
0052   02A7           00125         SUBWF REGSL,F
0053   1803           00126         BTFSC STATUS,C
0054   2857           00127         GOTO $+.3
Message[305]: Using default destination of 1 (file).
0055   07A7           00128         ADDWF REGSL
0056   2859           00129         GOTO UNIDAD
0057   0AA4           00130         INCF REGD,F
MPASM  5.51                   EJERCICIO7B.ASM   6-9-2025  12:09:33         PAGE  4


LOC  OBJECT CODE     LINE SOURCE TEXT
  VALUE

0058   2852           00131         GOTO $-.6
                      00132 
0059                  00133 UNIDAD
0059   3001           00134         MOVLW .1
005A   02A7           00135         SUBWF REGSL,F
005B   1803           00136         BTFSC STATUS,C
005C   285F           00137         GOTO $+.3
Message[305]: Using default destination of 1 (file).
005D   07A7           00138         ADDWF REGSL
005E   0008           00139         RETURN
005F   0AA3           00140         INCF REGU,F
0060   285A           00141         GOTO $-.6
                      00142 
                      00143 ;############### REVISO CASOS ###########
0061                  00144 REVCAS
0061   3000           00145         MOVLW .0
0062   0628           00146         XORWF REGSH,W ;PREGUNTO "REGSH == 0?"
0063   1903           00147         BTFSC STATUS,Z;EN CASO DE SER IGUALES ENTRA EN CAS0
0064   2872           00148         GOTO CAS0
                      00149         
0065   3001           00150         MOVLW .1
0066   0628           00151         XORWF REGSH,W
0067   1903           00152         BTFSC STATUS,Z
0068   2879           00153         GOTO CAS1
                      00154 
0069   3002           00155         MOVLW .2
006A   0628           00156         XORWF REGSH,W
006B   1903           00157         BTFSC STATUS,Z
006C   2880           00158         GOTO CAS2
                      00159         
006D   3003           00160         MOVLW .3
006E   0628           00161         XORWF REGSH,W
006F   1903           00162         BTFSC STATUS,Z
0070   2887           00163         GOTO CAS3
Warning[203]: Found opcode in column 1. (RETURN)
0071   0008           00164 RETURN
                      00165                 
                      00166 ;################# CASOS DE REGSH ##########    
                      00167 ;####  sumo las literales correspondientes en los Ru Rd Rc 
0072                  00168 CAS0
                      00169 
0072   3000           00170         MOVLW .0
0073   07A3           00171         ADDWF REGU,F
                      00172 
0074   3000           00173         MOVLW .0
0075   07A4           00174         ADDWF REGD,F
                      00175 
0076   3000           00176         MOVLW .0
0077   07A5           00177         ADDWF REGC,F
                      00178 
Warning[203]: Found opcode in column 1. (RETURN)
0078   0008           00179 RETURN
                      00180 
MPASM  5.51                   EJERCICIO7B.ASM   6-9-2025  12:09:33         PAGE  5


LOC  OBJECT CODE     LINE SOURCE TEXT
  VALUE

0079                  00181 CAS1
0079   3006           00182         MOVLW .6
007A   07A3           00183         ADDWF REGU,F
                      00184 
007B   3005           00185         MOVLW .5
007C   07A4           00186         ADDWF REGD,F
                      00187 
007D   3002           00188         MOVLW .2
007E   07A5           00189         ADDWF REGC,F
                      00190 
Warning[203]: Found opcode in column 1. (RETURN)
007F   0008           00191 RETURN
                      00192 
0080                  00193 CAS2
0080   3002           00194         MOVLW .2
0081   07A3           00195         ADDWF REGU,F
                      00196 
0082   3001           00197         MOVLW .1
0083   07A4           00198         ADDWF REGD,F
                      00199 
0084   3005           00200         MOVLW .5
0085   07A5           00201         ADDWF REGC,F
                      00202 
Warning[203]: Found opcode in column 1. (RETURN)
0086   0008           00203 RETURN
                      00204 
0087                  00205 CAS3
0087   3008           00206         MOVLW .8
0088   07A3           00207         ADDWF REGU,F
                      00208 
0089   3006           00209         MOVLW .6
008A   07A4           00210         ADDWF REGD,F
                      00211 
008B   3007           00212         MOVLW .7
008C   07A5           00213         ADDWF REGC,F
                      00214 
Warning[203]: Found opcode in column 1. (RETURN)
008D   0008           00215 RETURN 
                      00216 ;##################### REPARO VALORES < 9 #########
008E                  00217 ARREGLO
008E   30F6           00218         MOVLW .246 ;cargo el acumulador para carry si se le suma =< 10
008F   0723           00219         ADDWF REGU,W;sumo el contenido del registro al acumulador
0090   1803           00220         BTFSC STATUS,C;pregunto si ocurre acarreo, si ocurre, call correxu
0091   209B           00221         CALL CORREXU
                      00222         
0092   30F6           00223         MOVLW .246
0093   0724           00224         ADDWF REGD,W
0094   1803           00225         BTFSC STATUS,C
0095   20A0           00226         CALL CORREXD
                      00227         
0096   30F6           00228         MOVLW .246
0097   0725           00229         ADDWF REGC,W
0098   1803           00230         BTFSC STATUS,C
MPASM  5.51                   EJERCICIO7B.ASM   6-9-2025  12:09:33         PAGE  6


LOC  OBJECT CODE     LINE SOURCE TEXT
  VALUE

0099   20A5           00231         CALL CORREXC
                      00232         
Warning[203]: Found opcode in column 1. (RETURN)
009A   0008           00233 RETURN
                      00234 
                      00235 ;###################### CORRECTORES
                      00236 ;## muevo 10 al acumulador y proximamente le resto la literal al registro registro
                      00237 ;## remplazo el valor del registro con el resultado de la resta 
                      00238 ;## Cargo la literal "1" al workfile y la sumo al registro siguiente
009B                  00239 CORREXU
009B   300A           00240         MOVLW .10
009C   02A3           00241         SUBWF REGU,F
009D   3001           00242         MOVLW .1
009E   07A4           00243         ADDWF REGD,F
Warning[203]: Found opcode in column 1. (RETURN)
009F   0008           00244 RETURN
                      00245 
00A0                  00246 CORREXD
00A0   300A           00247         MOVLW .10
00A1   02A4           00248         SUBWF REGD,F
00A2   3001           00249         MOVLW .1
00A3   07A5           00250         ADDWF REGC,F
Warning[203]: Found opcode in column 1. (RETURN)
00A4   0008           00251 RETURN
                      00252 
00A5                  00253 CORREXC
00A5   300A           00254         MOVLW .10
00A6   02A5           00255         SUBWF REGC,F
00A7   3001           00256         MOVLW .1
00A8   07A6           00257         ADDWF REGM,F ;Añade 1 al RegMillares
Warning[203]: Found opcode in column 1. (RETURN)
00A9   0008           00258 RETURN
                      00259  ;########################ESCRIBIR
00AA                  00260 ESCRIBIR
00AA   1409           00261         BSF PORTE,0
00AB   1089           00262         BCF PORTE,1
                      00263 
00AC   0826           00264         MOVF REGM,W
00AD   2001           00265         CALL TABLA
00AE   0088           00266         MOVWF PORTD
00AF   20C2           00267         CALL ENABLE
                      00268 
00B0   0825           00269         MOVF REGC,W
00B1   2001           00270         CALL TABLA
00B2   0088           00271         MOVWF PORTD
00B3   20C2           00272         CALL ENABLE
                      00273 
00B4   0824           00274         MOVF REGD,W
00B5   2001           00275         CALL TABLA
00B6   0088           00276         MOVWF PORTD
00B7   20C2           00277         CALL ENABLE
                      00278 
00B8   0823           00279         MOVF REGU,W
MPASM  5.51                   EJERCICIO7B.ASM   6-9-2025  12:09:33         PAGE  7


LOC  OBJECT CODE     LINE SOURCE TEXT
  VALUE

00B9   2001           00280         CALL TABLA
00BA   0088           00281         MOVWF PORTD
00BB   20C2           00282         CALL ENABLE
                      00283 
00BC   1009           00284         BCF PORTE,0
00BD   1089           00285         BCF PORTE,1
                      00286         
                      00287 
00BE   3002           00288         MOVLW B'00000010'
00BF   0088           00289         MOVWF PORTD
00C0   20C2           00290         CALL ENABLE
                      00291 
00C1   0008           00292         RETURN
                      00293 
00C2                  00294 ENABLE
00C2   1509           00295         BSF PORTE,2
00C3   20C6           00296         CALL TIEMPO1
00C4   1109           00297         BCF PORTE,2
00C5   0008           00298         RETURN
                      00299 ;##########################################
00C6                  00300 TIEMPO1 ; 4 mili-segundos
Warning[203]: Found opcode in column 1. (MOVLW)
00C6   302F           00301 MOVLW 0X2f
Warning[203]: Found opcode in column 1. (MOVWF)
00C7   008C           00302 MOVWF DCounter1
Warning[203]: Found opcode in column 1. (MOVLW)
00C8   3006           00303 MOVLW 0X06
Warning[203]: Found opcode in column 1. (MOVWF)
00C9   008D           00304 MOVWF DCounter2
00CA                  00305 LOOP
Warning[203]: Found opcode in column 1. (DECFSZ)
00CA   0B8C           00306 DECFSZ DCounter1, 1
Warning[203]: Found opcode in column 1. (GOTO)
00CB   28CA           00307 GOTO LOOP
Warning[203]: Found opcode in column 1. (DECFSZ)
00CC   0B8D           00308 DECFSZ DCounter2, 1
Warning[203]: Found opcode in column 1. (GOTO)
00CD   28CA           00309 GOTO LOOP
Warning[203]: Found opcode in column 1. (RETURN)
00CE   0008           00310 RETURN
Warning[205]: Found directive in column 1. (END)
                      00311 END
MPASM  5.51                   EJERCICIO7B.ASM   6-9-2025  12:09:33         PAGE  8


SYMBOL TABLE
  LABEL                             VALUE 

ABDEN                             00000000
ABDOVF                            00000007
ACKDT                             00000005
ACKEN                             00000004
ACKSTAT                           00000006
ADCON0                            0000001F
ADCON1                            0000009F
ADCS0                             00000006
ADCS1                             00000007
ADDEN                             00000003
ADFM                              00000007
ADIE                              00000006
ADIF                              00000006
ADON                              00000000
ADRESH                            0000001E
ADRESL                            0000009E
ANS0                              00000000
ANS1                              00000001
ANS10                             00000002
ANS11                             00000003
ANS12                             00000004
ANS13                             00000005
ANS2                              00000002
ANS3                              00000003
ANS4                              00000004
ANS5                              00000005
ANS6                              00000006
ANS7                              00000007
ANS8                              00000000
ANS9                              00000001
ANSEL                             00000188
ANSELH                            00000189
ARREGLO                           0000008E
BAUDCTL                           00000187
BCLIE                             00000003
BCLIF                             00000003
BF                                00000000
BRG0                              00000000
BRG1                              00000001
BRG10                             00000002
BRG11                             00000003
BRG12                             00000004
BRG13                             00000005
BRG14                             00000006
BRG15                             00000007
BRG16                             00000003
BRG2                              00000002
BRG3                              00000003
BRG4                              00000004
BRG5                              00000005
BRG6                              00000006
BRG7                              00000007
BRG8                              00000000
MPASM  5.51                   EJERCICIO7B.ASM   6-9-2025  12:09:33         PAGE  9


SYMBOL TABLE
  LABEL                             VALUE 

BRG9                              00000001
BRGH                              00000002
C                                 00000000
C1CH0                             00000000
C1CH1                             00000001
C1IE                              00000005
C1IF                              00000005
C1OE                              00000005
C1ON                              00000007
C1OUT                             00000006
C1POL                             00000004
C1R                               00000002
C1RSEL                            00000005
C1SEN                             00000005
C2CH0                             00000000
C2CH1                             00000001
C2IE                              00000006
C2IF                              00000006
C2OE                              00000005
C2ON                              00000007
C2OUT                             00000006
C2POL                             00000004
C2R                               00000002
C2REN                             00000004
C2RSEL                            00000004
C2SYNC                            00000000
CAS0                              00000072
CAS1                              00000079
CAS2                              00000080
CAS3                              00000087
CCP1CON                           00000017
CCP1IE                            00000002
CCP1IF                            00000002
CCP1M0                            00000000
CCP1M1                            00000001
CCP1M2                            00000002
CCP1M3                            00000003
CCP1X                             00000005
CCP1Y                             00000004
CCP2CON                           0000001D
CCP2IE                            00000000
CCP2IF                            00000000
CCP2M0                            00000000
CCP2M1                            00000001
CCP2M2                            00000002
CCP2M3                            00000003
CCP2X                             00000005
CCP2Y                             00000004
CCPR1                             00000015
CCPR1H                            00000016
CCPR1L                            00000015
CCPR2                             0000001B
CCPR2H                            0000001C
MPASM  5.51                   EJERCICIO7B.ASM   6-9-2025  12:09:33         PAGE 10


SYMBOL TABLE
  LABEL                             VALUE 

CCPR2L                            0000001B
CENTENA                           00000049
CHS0                              00000002
CHS1                              00000003
CHS2                              00000004
CHS3                              00000005
CKE                               00000006
CKP                               00000004
CM1CON0                           00000107
CM2CON0                           00000108
CM2CON1                           00000109
COMANDOS1                         00000028
COMANDOS2                         00000025
COMANDOS3                         00000022
CORREXC                           000000A5
CORREXD                           000000A0
CORREXU                           0000009B
CREN                              00000004
CSRC                              00000007
D                                 00000005
DATA_ADDRESS                      00000005
DC                                00000001
DC1B0                             00000004
DC1B1                             00000005
DC2B0                             00000004
DC2B1                             00000005
DCounter1                         0000000C
DCounter2                         0000000D
DECENA                            00000051
DESCOMP                           00000045
D_A                               00000005
D_NOT_A                           00000005
ECCPAS                            0000009C
ECCPAS0                           00000004
ECCPAS1                           00000005
ECCPAS2                           00000006
ECCPASE                           00000007
EEADR                             0000010D
EEADRH                            0000010F
EECON1                            0000018C
EECON2                            0000018D
EEDAT                             0000010C
EEDATA                            0000010C
EEDATH                            0000010E
EEIE                              00000004
EEIF                              00000004
EEPGD                             00000007
ENABLE                            000000C2
ESCRIBIR                          000000AA
F                                 00000001
FERR                              00000002
FSR                               00000004
FVREN                             00000000
MPASM  5.51                   EJERCICIO7B.ASM   6-9-2025  12:09:33         PAGE 11


SYMBOL TABLE
  LABEL                             VALUE 

GCEN                              00000007
GIE                               00000007
GO                                00000001
GO_DONE                           00000001
GO_NOT_DONE                       00000001
HTS                               00000002
I2C_DATA                          00000005
I2C_READ                          00000002
I2C_START                         00000003
I2C_STOP                          00000004
INDF                              00000000
INICIO                            0000002C
INTCON                            0000000B
INTE                              00000004
INTEDG                            00000006
INTF                              00000001
IOCB                              00000096
IOCB0                             00000000
IOCB1                             00000001
IOCB2                             00000002
IOCB3                             00000003
IOCB4                             00000004
IOCB5                             00000005
IOCB6                             00000006
IOCB7                             00000007
IRCF0                             00000004
IRCF1                             00000005
IRCF2                             00000006
IRP                               00000007
LCD_CONFIG                        00000020
LOOP                              000000CA
LTS                               00000001
MAPE                              00000036
MC1OUT                            00000007
MC2OUT                            00000006
MSK                               00000093
MSK0                              00000000
MSK1                              00000001
MSK2                              00000002
MSK3                              00000003
MSK4                              00000004
MSK5                              00000005
MSK6                              00000006
MSK7                              00000007
NOT_A                             00000005
NOT_ADDRESS                       00000005
NOT_BO                            00000000
NOT_BOR                           00000000
NOT_DONE                          00000001
NOT_PD                            00000003
NOT_POR                           00000001
NOT_RBPU                          00000007
NOT_RC8                           00000006
MPASM  5.51                   EJERCICIO7B.ASM   6-9-2025  12:09:33         PAGE 12


SYMBOL TABLE
  LABEL                             VALUE 

NOT_T1SYNC                        00000002
NOT_TO                            00000004
NOT_TX8                           00000006
NOT_W                             00000002
NOT_WRITE                         00000002
OERR                              00000001
OPTION_REG                        00000081
OSCCON                            0000008F
OSCTUNE                           00000090
OSFIE                             00000007
OSFIF                             00000007
OSTS                              00000003
P                                 00000004
P1M0                              00000006
P1M1                              00000007
PCL                               00000002
PCLATH                            0000000A
PCON                              0000008E
PDC0                              00000000
PDC1                              00000001
PDC2                              00000002
PDC3                              00000003
PDC4                              00000004
PDC5                              00000005
PDC6                              00000006
PEIE                              00000006
PEN                               00000002
PIE1                              0000008C
PIE2                              0000008D
PIR1                              0000000C
PIR2                              0000000D
PORTA                             00000005
PORTB                             00000006
PORTC                             00000007
PORTD                             00000008
PORTE                             00000009
PR2                               00000092
PRSEN                             00000007
PS0                               00000000
PS1                               00000001
PS2                               00000002
PSA                               00000003
PSSAC0                            00000002
PSSAC1                            00000003
PSSBD0                            00000000
PSSBD1                            00000001
PSTRCON                           0000009D
PULSR                             00000002
PULSS                             00000003
PWM1CON                           0000009B
R                                 00000002
RA0                               00000000
RA1                               00000001
MPASM  5.51                   EJERCICIO7B.ASM   6-9-2025  12:09:33         PAGE 13


SYMBOL TABLE
  LABEL                             VALUE 

RA2                               00000002
RA3                               00000003
RA4                               00000004
RA5                               00000005
RA6                               00000006
RA7                               00000007
RB0                               00000000
RB1                               00000001
RB2                               00000002
RB3                               00000003
RB4                               00000004
RB5                               00000005
RB6                               00000006
RB7                               00000007
RBIE                              00000003
RBIF                              00000000
RC0                               00000000
RC1                               00000001
RC2                               00000002
RC3                               00000003
RC4                               00000004
RC5                               00000005
RC6                               00000006
RC7                               00000007
RC8_9                             00000006
RC9                               00000006
RCD8                              00000000
RCEN                              00000003
RCIDL                             00000006
RCIE                              00000005
RCIF                              00000005
RCREG                             0000001A
RCSTA                             00000018
RD                                00000000
RD0                               00000000
RD1                               00000001
RD2                               00000002
RD3                               00000003
RD4                               00000004
RD5                               00000005
RD6                               00000006
RD7                               00000007
RE0                               00000000
RE1                               00000001
RE2                               00000002
RE3                               00000003
READ_WRITE                        00000002
REGC                              00000025
REGD                              00000024
REGM                              00000026
REGSH                             00000028
REGSL                             00000027
REGU                              00000023
MPASM  5.51                   EJERCICIO7B.ASM   6-9-2025  12:09:33         PAGE 14


SYMBOL TABLE
  LABEL                             VALUE 

REVCAS                            00000061
RP0                               00000005
RP1                               00000006
RSEN                              00000001
RX9                               00000006
RX9D                              00000000
R_NOT_W                           00000002
R_W                               00000002
S                                 00000003
SALTO                             0000000C
SBOREN                            00000004
SCKP                              00000004
SCS                               00000000
SEN                               00000000
SENDB                             00000003
SMP                               00000007
SPBRG                             00000099
SPBRGH                            0000009A
SPEN                              00000007
SR0                               00000006
SR1                               00000007
SRCON                             00000185
SREN                              00000005
SSPADD                            00000093
SSPBUF                            00000013
SSPCON                            00000014
SSPCON2                           00000091
SSPEN                             00000005
SSPIE                             00000003
SSPIF                             00000003
SSPM0                             00000000
SSPM1                             00000001
SSPM2                             00000002
SSPM3                             00000003
SSPMSK                            00000093
SSPOV                             00000006
SSPSTAT                           00000094
STATUS                            00000003
STRA                              00000000
STRB                              00000001
STRC                              00000002
STRD                              00000003
STRSYNC                           00000004
SWDTEN                            00000000
SYNC                              00000004
T0CS                              00000005
T0IE                              00000005
T0IF                              00000002
T0SE                              00000004
T1CKPS0                           00000004
T1CKPS1                           00000005
T1CON                             00000010
T1GINV                            00000007
MPASM  5.51                   EJERCICIO7B.ASM   6-9-2025  12:09:33         PAGE 15


SYMBOL TABLE
  LABEL                             VALUE 

T1GIV                             00000007
T1GSS                             00000001
T1INSYNC                          00000002
T1OSCEN                           00000003
T1SYNC                            00000002
T2CKPS0                           00000000
T2CKPS1                           00000001
T2CON                             00000012
TABLA                             00000001
TIEMPO1                           000000C6
TMR0                              00000001
TMR0IE                            00000005
TMR0IF                            00000002
TMR1                              0000000E
TMR1CS                            00000001
TMR1GE                            00000006
TMR1H                             0000000F
TMR1IE                            00000000
TMR1IF                            00000000
TMR1L                             0000000E
TMR1ON                            00000000
TMR2                              00000011
TMR2IE                            00000001
TMR2IF                            00000001
TMR2ON                            00000002
TOUTPS0                           00000003
TOUTPS1                           00000004
TOUTPS2                           00000005
TOUTPS3                           00000006
TRISA                             00000085
TRISA0                            00000000
TRISA1                            00000001
TRISA2                            00000002
TRISA3                            00000003
TRISA4                            00000004
TRISA5                            00000005
TRISA6                            00000006
TRISA7                            00000007
TRISB                             00000086
TRISB0                            00000000
TRISB1                            00000001
TRISB2                            00000002
TRISB3                            00000003
TRISB4                            00000004
TRISB5                            00000005
TRISB6                            00000006
TRISB7                            00000007
TRISC                             00000087
TRISC0                            00000000
TRISC1                            00000001
TRISC2                            00000002
TRISC3                            00000003
TRISC4                            00000004
MPASM  5.51                   EJERCICIO7B.ASM   6-9-2025  12:09:33         PAGE 16


SYMBOL TABLE
  LABEL                             VALUE 

TRISC5                            00000005
TRISC6                            00000006
TRISC7                            00000007
TRISD                             00000088
TRISD0                            00000000
TRISD1                            00000001
TRISD2                            00000002
TRISD3                            00000003
TRISD4                            00000004
TRISD5                            00000005
TRISD6                            00000006
TRISD7                            00000007
TRISE                             00000089
TRISE0                            00000000
TRISE1                            00000001
TRISE2                            00000002
TRISE3                            00000003
TRMT                              00000001
TUN0                              00000000
TUN1                              00000001
TUN2                              00000002
TUN3                              00000003
TUN4                              00000004
TX8_9                             00000006
TX9                               00000006
TX9D                              00000000
TXD8                              00000000
TXEN                              00000005
TXIE                              00000004
TXIF                              00000004
TXREG                             00000019
TXSTA                             00000098
UA                                00000001
ULPWUE                            00000005
ULPWUIE                           00000002
ULPWUIF                           00000002
UNIDAD                            00000059
VCFG0                             00000004
VCFG1                             00000005
VR0                               00000000
VR1                               00000001
VR2                               00000002
VR3                               00000003
VRCON                             00000097
VREN                              00000007
VROE                              00000006
VRR                               00000005
VRSS                              00000004
W                                 00000000
WCOL                              00000007
WDTCON                            00000105
WDTPS0                            00000001
WDTPS1                            00000002
MPASM  5.51                   EJERCICIO7B.ASM   6-9-2025  12:09:33         PAGE 17


SYMBOL TABLE
  LABEL                             VALUE 

WDTPS2                            00000003
WDTPS3                            00000004
WPUB                              00000095
WPUB0                             00000000
WPUB1                             00000001
WPUB2                             00000002
WPUB3                             00000003
WPUB4                             00000004
WPUB5                             00000005
WPUB6                             00000006
WPUB7                             00000007
WR                                00000001
WREN                              00000002
WRERR                             00000003
WUE                               00000001
Z                                 00000002
_BOR21V                           00003EFF
_BOR40V                           00003FFF
_BOR4V_BOR21V                     00003EFF
_BOR4V_BOR40V                     00003FFF
_BOREN_NSLEEP                     00003EFF
_BOREN_OFF                        00003CFF
_BOREN_ON                         00003FFF
_BOREN_SBODEN                     00003DFF
_BOR_NSLEEP                       00003EFF
_BOR_OFF                          00003CFF
_BOR_ON                           00003FFF
_BOR_SBODEN                       00003DFF
_CONFIG1                          00002007
_CONFIG2                          00002008
_CPD_OFF                          00003FFF
_CPD_ON                           00003F7F
_CP_OFF                           00003FFF
_CP_ON                            00003FBF
_DEBUG_OFF                        00003FFF
_DEBUG_ON                         00001FFF
_DEVID1                           00002006
_EC_OSC                           00003FFB
_EXTRC                            00003FFF
_EXTRCIO                          00003FFE
_EXTRC_OSC_CLKOUT                 00003FFF
_EXTRC_OSC_NOCLKOUT               00003FFE
_FCMEN_OFF                        000037FF
_FCMEN_ON                         00003FFF
_FOSC_EC                          00003FFB
_FOSC_EXTRC_CLKOUT                00003FFF
_FOSC_EXTRC_NOCLKOUT              00003FFE
_FOSC_HS                          00003FFA
_FOSC_INTRC_CLKOUT                00003FFD
_FOSC_INTRC_NOCLKOUT              00003FFC
_FOSC_LP                          00003FF8
_FOSC_XT                          00003FF9
_HS_OSC                           00003FFA
MPASM  5.51                   EJERCICIO7B.ASM   6-9-2025  12:09:33         PAGE 18


SYMBOL TABLE
  LABEL                             VALUE 

_IDLOC0                           00002000
_IDLOC1                           00002001
_IDLOC2                           00002002
_IDLOC3                           00002003
_IESO_OFF                         00003BFF
_IESO_ON                          00003FFF
_INTOSC                           00003FFD
_INTOSCIO                         00003FFC
_INTRC_OSC_CLKOUT                 00003FFD
_INTRC_OSC_NOCLKOUT               00003FFC
_LP_OSC                           00003FF8
_LVP_OFF                          00002FFF
_LVP_ON                           00003FFF
_MCLRE_OFF                        00003FDF
_MCLRE_ON                         00003FFF
_PWRTE_OFF                        00003FFF
_PWRTE_ON                         00003FEF
_WDTE_OFF                         00003FF7
_WDTE_ON                          00003FFF
_WDT_OFF                          00003FF7
_WDT_ON                           00003FFF
_WRT_1FOURTH                      00003BFF
_WRT_256                          00003DFF
_WRT_HALF                         000039FF
_WRT_OFF                          00003FFF
_XT_OSC                           00003FF9
__16F887                          00000001
__DEBUG                           1


MEMORY USAGE MAP ('X' = Used,  '-' = Unused)

0000 : XXXXXXXXXXXXXXXX XXXXXXXXXXXXXXXX XXXXXXXXXXXXXXXX XXXXXXXXXXXXXXXX
0040 : XXXXXXXXXXXXXXXX XXXXXXXXXXXXXXXX XXXXXXXXXXXXXXXX XXXXXXXXXXXXXXXX
0080 : XXXXXXXXXXXXXXXX XXXXXXXXXXXXXXXX XXXXXXXXXXXXXXXX XXXXXXXXXXXXXXXX
00C0 : XXXXXXXXXXXXXXX- ---------------- ---------------- ----------------
2000 : -------XX------- ---------------- ---------------- ----------------

All other memory blocks unused.

Program Memory Words Used:   207
Program Memory Words Free:  7985


Errors   :     0
Warnings :    27 reported,     0 suppressed
Messages :    13 reported,     0 suppressed

