MPASM  5.51                         7SEG3.ASM   4-3-2025  14:14:17         PAGE  1


LOC  OBJECT CODE     LINE SOURCE TEXT
  VALUE

                      00001 #INCLUDE "P16F887.INC"
                      00001         LIST
                      00002 
                      00003 ;==========================================================================
                      00004 ;  MPASM PIC16F887 processor include
                      00005 ; 
                      00006 ;  (c) Copyright 1999-2013 Microchip Technology, All rights reserved
                      00007 ;==========================================================================
                      00008 
                      00809         LIST
                      00002 
2007   2FE1           00003         __CONFIG _CONFIG1, (_CP_OFF & _WDT_OFF & _PWRTE_ON & _XT_OSC & _LVP_OFF)
2008   3EFF           00004         __CONFIG _CONFIG2, _BOR21V
                      00005 
  00000020            00006 REGU EQU 0x20
  00000021            00007 REGD EQU 0x21
  00000022            00008 REGCONTADOR EQU 0x22
  00000023            00009 PDel0 EQU 0X23  ; defino reg GPR para rutina de tiempo
  00000024            00010 PDel1 EQU 0X24  ; defino reg GPR para rutina de tiempo
  00000025            00011 PDel2 EQU 0X25  ; defino reg GPR para rutina de tiempo
                      00012 
0000                  00013         ORG 0X00
                      00014 
0000   1683 1703      00015         BANKSEL ANSEL
Message[302]: Register in operand not in bank 0.  Ensure that bank bits are correct.
0002   0188           00016         CLRF ANSEL
Message[302]: Register in operand not in bank 0.  Ensure that bank bits are correct.
0003   0189           00017         CLRF ANSELH
                      00018 
                      00019 
0004   1683 1303      00020         BANKSEL TRISA
Message[302]: Register in operand not in bank 0.  Ensure that bank bits are correct.
0006   0185           00021         CLRF TRISA
Message[302]: Register in operand not in bank 0.  Ensure that bank bits are correct.
0007   1605           00022         BSF TRISA,4
Message[302]: Register in operand not in bank 0.  Ensure that bank bits are correct.
0008   0186           00023         CLRF TRISB
                      00024 
0009   1283 1303      00025         BANKSEL PORTB
000B   0186           00026         CLRF PORTB
000C   0185           00027         CLRF PORTA      
                      00028 
000D                  00029 INICIO
000D   01A0           00030         CLRF REGU
000E   01A1           00031         CLRF REGD
000F   01A2           00032         CLRF REGCONTADOR
                      00033 
0010                  00034 MUESTRA
0010   3005           00035         MOVLW .5
0011   00A2           00036         MOVWF REGCONTADOR
                      00037 
0012                  00038 SIGO
0012   0820           00039         MOVF REGU,W
MPASM  5.51                         7SEG3.ASM   4-3-2025  14:14:17         PAGE  2


LOC  OBJECT CODE     LINE SOURCE TEXT
  VALUE

0013   2045           00040         CALL TABLA
0014   0086           00041         MOVWF PORTB
0015   1405           00042         BSF PORTA,0
0016   1585           00043         BSF PORTA,3
0017   2050           00044         CALL TIEMPO
                      00045 
0018   0185           00046         CLRF PORTA
                      00047 
0019   0821           00048         MOVF REGD,W
001A   2045           00049         CALL TABLA
001B   0086           00050         MOVWF PORTB
001C   1505           00051         BSF PORTA,2
001D   1585           00052         BSF PORTA,3
001E   2050           00053         CALL TIEMPO
                      00054         
001F   0185           00055         CLRF PORTA
                      00056 
0020   0BA2           00057         DECFSZ REGCONTADOR,1
0021   2812           00058         GOTO SIGO 
0022   2823           00059         GOTO BOTTON
                      00060 
0023                  00061 BOTTON
0023   1E05           00062         BTFSS PORTA, 4
0024   2826           00063         GOTO INCREMENTO
0025   2832           00064         GOTO DECREMENTO
                      00065 
0026                  00066 INCREMENTO
0026   0AA0           00067         INCF REGU,F 
0027   0820           00068         MOVF REGU,W
0028   3A0A           00069         XORLW .10
0029   1D03           00070         BTFSS STATUS,Z
002A   2810           00071         GOTO MUESTRA
002B   01A0           00072         CLRF REGU
002C   0AA1           00073         INCF REGD,1
002D   0821           00074         MOVF REGD,W
002E   3A0A           00075         XORLW .10
002F   1D03           00076         BTFSS STATUS, Z
0030   2810           00077         GOTO MUESTRA
0031   280D           00078         GOTO INICIO
                      00079 
0032                  00080 DECREMENTO
0032   0820           00081     MOVF REGU, W       
0033   3A00           00082     XORLW .0           
0034   1903           00083     BTFSC STATUS, Z    
0035   2838           00084     GOTO MENOS_DECENA  
                      00085 
0036   03A0           00086     DECF REGU, F       
0037   2810           00087     GOTO MUESTRA       
                      00088 
0038                  00089 MENOS_DECENA
0038   3009           00090     MOVLW .9           
0039   00A0           00091     MOVWF REGU
                      00092 
MPASM  5.51                         7SEG3.ASM   4-3-2025  14:14:17         PAGE  3


LOC  OBJECT CODE     LINE SOURCE TEXT
  VALUE

003A   0821           00093     MOVF REGD, W       
003B   3A00           00094     XORLW .0           
003C   1903           00095     BTFSC STATUS, Z    
003D   2840           00096     GOTO RESET_CONTADOR
                      00097 
003E   03A1           00098     DECF REGD, F      
003F   2810           00099     GOTO MUESTRA      
                      00100 
0040                  00101 RESET_CONTADOR
0040   3009           00102     MOVLW .9       
0041   00A1           00103     MOVWF REGD
0042   3009           00104     MOVLW .9
0043   00A0           00105     MOVWF REGU
0044   2810           00106     GOTO MUESTRA     
0045                  00107 TABLA
0045   0782           00108         ADDWF PCL,F
0046   347E           00109         RETLW B'01111110'
0047   3430           00110         RETLW B'00110000'
0048   346D           00111         RETLW B'01101101'
0049   3479           00112         RETLW B'01111001'
004A   3433           00113         RETLW B'00110011'
004B   345B           00114         RETLW B'01011011'
004C   345F           00115         RETLW B'01011111'
004D   3470           00116         RETLW B'01110000'
004E   347F           00117         RETLW B'01111111'
004F   3473           00118         RETLW B'01110011'
                      00119 
0050                  00120 TIEMPO
0050   30EF           00121         movlw     .239      ; 1 set numero de repeticion  (B)
0051   00A3           00122         movwf     PDel0     ; 1 |
0052   30E8           00123 PLoop1  movlw     .232      ; 1 set numero de repeticion  (A)
0053   00A4           00124         movwf     PDel1     ; 1 |
0054   0064           00125 PLoop2  clrwdt              ; 1 clear watchdog
0055   2856           00126 PDelL1  goto PDelL2         ; 2 ciclos delay
0056   2857           00127 PDelL2  goto PDelL3         ; 2 ciclos delay
0057   0064           00128 PDelL3  clrwdt              ; 1 ciclo delay
0058   0BA4           00129         decfsz    PDel1, 1  ; 1 + (1) es el tiempo 0  ? (A)
0059   2854           00130         goto      PLoop2    ; 2 no, loop
005A   0BA3           00131         decfsz    PDel0,  1 ; 1 + (1) es el tiempo 0  ? (B)
005B   2852           00132         goto      PLoop1    ; 2 no, loop
005C   285D           00133 PDelL4  goto PDelL5         ; 2 ciclos delay
005D   285E           00134 PDelL5  goto PDelL6         ; 2 ciclos delay
005E   285F           00135 PDelL6  goto PDelL7         ; 2 ciclos delay
005F   0064           00136 PDelL7  clrwdt              ; 1 ciclo delay
0060   0008           00137         return              ; 2+2 Fin.
Warning[205]: Found directive in column 1. (END)
                      00138 END
MPASM  5.51                         7SEG3.ASM   4-3-2025  14:14:17         PAGE  4


SYMBOL TABLE
  LABEL                             VALUE 

ABDEN                             00000000
ABDOVF                            00000007
ACKDT                             00000005
ACKEN                             00000004
ACKSTAT                           00000006
ADCON0                            0000001F
ADCON1                            0000009F
ADCS0                             00000006
ADCS1                             00000007
ADDEN                             00000003
ADFM                              00000007
ADIE                              00000006
ADIF                              00000006
ADON                              00000000
ADRESH                            0000001E
ADRESL                            0000009E
ANS0                              00000000
ANS1                              00000001
ANS10                             00000002
ANS11                             00000003
ANS12                             00000004
ANS13                             00000005
ANS2                              00000002
ANS3                              00000003
ANS4                              00000004
ANS5                              00000005
ANS6                              00000006
ANS7                              00000007
ANS8                              00000000
ANS9                              00000001
ANSEL                             00000188
ANSELH                            00000189
BAUDCTL                           00000187
BCLIE                             00000003
BCLIF                             00000003
BF                                00000000
BOTTON                            00000023
BRG0                              00000000
BRG1                              00000001
BRG10                             00000002
BRG11                             00000003
BRG12                             00000004
BRG13                             00000005
BRG14                             00000006
BRG15                             00000007
BRG16                             00000003
BRG2                              00000002
BRG3                              00000003
BRG4                              00000004
BRG5                              00000005
BRG6                              00000006
BRG7                              00000007
BRG8                              00000000
MPASM  5.51                         7SEG3.ASM   4-3-2025  14:14:17         PAGE  5


SYMBOL TABLE
  LABEL                             VALUE 

BRG9                              00000001
BRGH                              00000002
C                                 00000000
C1CH0                             00000000
C1CH1                             00000001
C1IE                              00000005
C1IF                              00000005
C1OE                              00000005
C1ON                              00000007
C1OUT                             00000006
C1POL                             00000004
C1R                               00000002
C1RSEL                            00000005
C1SEN                             00000005
C2CH0                             00000000
C2CH1                             00000001
C2IE                              00000006
C2IF                              00000006
C2OE                              00000005
C2ON                              00000007
C2OUT                             00000006
C2POL                             00000004
C2R                               00000002
C2REN                             00000004
C2RSEL                            00000004
C2SYNC                            00000000
CCP1CON                           00000017
CCP1IE                            00000002
CCP1IF                            00000002
CCP1M0                            00000000
CCP1M1                            00000001
CCP1M2                            00000002
CCP1M3                            00000003
CCP1X                             00000005
CCP1Y                             00000004
CCP2CON                           0000001D
CCP2IE                            00000000
CCP2IF                            00000000
CCP2M0                            00000000
CCP2M1                            00000001
CCP2M2                            00000002
CCP2M3                            00000003
CCP2X                             00000005
CCP2Y                             00000004
CCPR1                             00000015
CCPR1H                            00000016
CCPR1L                            00000015
CCPR2                             0000001B
CCPR2H                            0000001C
CCPR2L                            0000001B
CHS0                              00000002
CHS1                              00000003
CHS2                              00000004
MPASM  5.51                         7SEG3.ASM   4-3-2025  14:14:17         PAGE  6


SYMBOL TABLE
  LABEL                             VALUE 

CHS3                              00000005
CKE                               00000006
CKP                               00000004
CM1CON0                           00000107
CM2CON0                           00000108
CM2CON1                           00000109
CREN                              00000004
CSRC                              00000007
D                                 00000005
DATA_ADDRESS                      00000005
DC                                00000001
DC1B0                             00000004
DC1B1                             00000005
DC2B0                             00000004
DC2B1                             00000005
DECREMENTO                        00000032
D_A                               00000005
D_NOT_A                           00000005
ECCPAS                            0000009C
ECCPAS0                           00000004
ECCPAS1                           00000005
ECCPAS2                           00000006
ECCPASE                           00000007
EEADR                             0000010D
EEADRH                            0000010F
EECON1                            0000018C
EECON2                            0000018D
EEDAT                             0000010C
EEDATA                            0000010C
EEDATH                            0000010E
EEIE                              00000004
EEIF                              00000004
EEPGD                             00000007
F                                 00000001
FERR                              00000002
FSR                               00000004
FVREN                             00000000
GCEN                              00000007
GIE                               00000007
GO                                00000001
GO_DONE                           00000001
GO_NOT_DONE                       00000001
HTS                               00000002
I2C_DATA                          00000005
I2C_READ                          00000002
I2C_START                         00000003
I2C_STOP                          00000004
INCREMENTO                        00000026
INDF                              00000000
INICIO                            0000000D
INTCON                            0000000B
INTE                              00000004
INTEDG                            00000006
MPASM  5.51                         7SEG3.ASM   4-3-2025  14:14:17         PAGE  7


SYMBOL TABLE
  LABEL                             VALUE 

INTF                              00000001
IOCB                              00000096
IOCB0                             00000000
IOCB1                             00000001
IOCB2                             00000002
IOCB3                             00000003
IOCB4                             00000004
IOCB5                             00000005
IOCB6                             00000006
IOCB7                             00000007
IRCF0                             00000004
IRCF1                             00000005
IRCF2                             00000006
IRP                               00000007
LTS                               00000001
MC1OUT                            00000007
MC2OUT                            00000006
MENOS_DECENA                      00000038
MSK                               00000093
MSK0                              00000000
MSK1                              00000001
MSK2                              00000002
MSK3                              00000003
MSK4                              00000004
MSK5                              00000005
MSK6                              00000006
MSK7                              00000007
MUESTRA                           00000010
NOT_A                             00000005
NOT_ADDRESS                       00000005
NOT_BO                            00000000
NOT_BOR                           00000000
NOT_DONE                          00000001
NOT_PD                            00000003
NOT_POR                           00000001
NOT_RBPU                          00000007
NOT_RC8                           00000006
NOT_T1SYNC                        00000002
NOT_TO                            00000004
NOT_TX8                           00000006
NOT_W                             00000002
NOT_WRITE                         00000002
OERR                              00000001
OPTION_REG                        00000081
OSCCON                            0000008F
OSCTUNE                           00000090
OSFIE                             00000007
OSFIF                             00000007
OSTS                              00000003
P                                 00000004
P1M0                              00000006
P1M1                              00000007
PCL                               00000002
MPASM  5.51                         7SEG3.ASM   4-3-2025  14:14:17         PAGE  8


SYMBOL TABLE
  LABEL                             VALUE 

PCLATH                            0000000A
PCON                              0000008E
PDC0                              00000000
PDC1                              00000001
PDC2                              00000002
PDC3                              00000003
PDC4                              00000004
PDC5                              00000005
PDC6                              00000006
PDel0                             00000023
PDel1                             00000024
PDel2                             00000025
PDelL1                            00000055
PDelL2                            00000056
PDelL3                            00000057
PDelL4                            0000005C
PDelL5                            0000005D
PDelL6                            0000005E
PDelL7                            0000005F
PEIE                              00000006
PEN                               00000002
PIE1                              0000008C
PIE2                              0000008D
PIR1                              0000000C
PIR2                              0000000D
PLoop1                            00000052
PLoop2                            00000054
PORTA                             00000005
PORTB                             00000006
PORTC                             00000007
PORTD                             00000008
PORTE                             00000009
PR2                               00000092
PRSEN                             00000007
PS0                               00000000
PS1                               00000001
PS2                               00000002
PSA                               00000003
PSSAC0                            00000002
PSSAC1                            00000003
PSSBD0                            00000000
PSSBD1                            00000001
PSTRCON                           0000009D
PULSR                             00000002
PULSS                             00000003
PWM1CON                           0000009B
R                                 00000002
RA0                               00000000
RA1                               00000001
RA2                               00000002
RA3                               00000003
RA4                               00000004
RA5                               00000005
MPASM  5.51                         7SEG3.ASM   4-3-2025  14:14:17         PAGE  9


SYMBOL TABLE
  LABEL                             VALUE 

RA6                               00000006
RA7                               00000007
RB0                               00000000
RB1                               00000001
RB2                               00000002
RB3                               00000003
RB4                               00000004
RB5                               00000005
RB6                               00000006
RB7                               00000007
RBIE                              00000003
RBIF                              00000000
RC0                               00000000
RC1                               00000001
RC2                               00000002
RC3                               00000003
RC4                               00000004
RC5                               00000005
RC6                               00000006
RC7                               00000007
RC8_9                             00000006
RC9                               00000006
RCD8                              00000000
RCEN                              00000003
RCIDL                             00000006
RCIE                              00000005
RCIF                              00000005
RCREG                             0000001A
RCSTA                             00000018
RD                                00000000
RD0                               00000000
RD1                               00000001
RD2                               00000002
RD3                               00000003
RD4                               00000004
RD5                               00000005
RD6                               00000006
RD7                               00000007
RE0                               00000000
RE1                               00000001
RE2                               00000002
RE3                               00000003
READ_WRITE                        00000002
REGCONTADOR                       00000022
REGD                              00000021
REGU                              00000020
RESET_CONTADOR                    00000040
RP0                               00000005
RP1                               00000006
RSEN                              00000001
RX9                               00000006
RX9D                              00000000
R_NOT_W                           00000002
MPASM  5.51                         7SEG3.ASM   4-3-2025  14:14:17         PAGE 10


SYMBOL TABLE
  LABEL                             VALUE 

R_W                               00000002
S                                 00000003
SBOREN                            00000004
SCKP                              00000004
SCS                               00000000
SEN                               00000000
SENDB                             00000003
SIGO                              00000012
SMP                               00000007
SPBRG                             00000099
SPBRGH                            0000009A
SPEN                              00000007
SR0                               00000006
SR1                               00000007
SRCON                             00000185
SREN                              00000005
SSPADD                            00000093
SSPBUF                            00000013
SSPCON                            00000014
SSPCON2                           00000091
SSPEN                             00000005
SSPIE                             00000003
SSPIF                             00000003
SSPM0                             00000000
SSPM1                             00000001
SSPM2                             00000002
SSPM3                             00000003
SSPMSK                            00000093
SSPOV                             00000006
SSPSTAT                           00000094
STATUS                            00000003
STRA                              00000000
STRB                              00000001
STRC                              00000002
STRD                              00000003
STRSYNC                           00000004
SWDTEN                            00000000
SYNC                              00000004
T0CS                              00000005
T0IE                              00000005
T0IF                              00000002
T0SE                              00000004
T1CKPS0                           00000004
T1CKPS1                           00000005
T1CON                             00000010
T1GINV                            00000007
T1GIV                             00000007
T1GSS                             00000001
T1INSYNC                          00000002
T1OSCEN                           00000003
T1SYNC                            00000002
T2CKPS0                           00000000
T2CKPS1                           00000001
MPASM  5.51                         7SEG3.ASM   4-3-2025  14:14:17         PAGE 11


SYMBOL TABLE
  LABEL                             VALUE 

T2CON                             00000012
TABLA                             00000045
TIEMPO                            00000050
TMR0                              00000001
TMR0IE                            00000005
TMR0IF                            00000002
TMR1                              0000000E
TMR1CS                            00000001
TMR1GE                            00000006
TMR1H                             0000000F
TMR1IE                            00000000
TMR1IF                            00000000
TMR1L                             0000000E
TMR1ON                            00000000
TMR2                              00000011
TMR2IE                            00000001
TMR2IF                            00000001
TMR2ON                            00000002
TOUTPS0                           00000003
TOUTPS1                           00000004
TOUTPS2                           00000005
TOUTPS3                           00000006
TRISA                             00000085
TRISA0                            00000000
TRISA1                            00000001
TRISA2                            00000002
TRISA3                            00000003
TRISA4                            00000004
TRISA5                            00000005
TRISA6                            00000006
TRISA7                            00000007
TRISB                             00000086
TRISB0                            00000000
TRISB1                            00000001
TRISB2                            00000002
TRISB3                            00000003
TRISB4                            00000004
TRISB5                            00000005
TRISB6                            00000006
TRISB7                            00000007
TRISC                             00000087
TRISC0                            00000000
TRISC1                            00000001
TRISC2                            00000002
TRISC3                            00000003
TRISC4                            00000004
TRISC5                            00000005
TRISC6                            00000006
TRISC7                            00000007
TRISD                             00000088
TRISD0                            00000000
TRISD1                            00000001
TRISD2                            00000002
MPASM  5.51                         7SEG3.ASM   4-3-2025  14:14:17         PAGE 12


SYMBOL TABLE
  LABEL                             VALUE 

TRISD3                            00000003
TRISD4                            00000004
TRISD5                            00000005
TRISD6                            00000006
TRISD7                            00000007
TRISE                             00000089
TRISE0                            00000000
TRISE1                            00000001
TRISE2                            00000002
TRISE3                            00000003
TRMT                              00000001
TUN0                              00000000
TUN1                              00000001
TUN2                              00000002
TUN3                              00000003
TUN4                              00000004
TX8_9                             00000006
TX9                               00000006
TX9D                              00000000
TXD8                              00000000
TXEN                              00000005
TXIE                              00000004
TXIF                              00000004
TXREG                             00000019
TXSTA                             00000098
UA                                00000001
ULPWUE                            00000005
ULPWUIE                           00000002
ULPWUIF                           00000002
VCFG0                             00000004
VCFG1                             00000005
VR0                               00000000
VR1                               00000001
VR2                               00000002
VR3                               00000003
VRCON                             00000097
VREN                              00000007
VROE                              00000006
VRR                               00000005
VRSS                              00000004
W                                 00000000
WCOL                              00000007
WDTCON                            00000105
WDTPS0                            00000001
WDTPS1                            00000002
WDTPS2                            00000003
WDTPS3                            00000004
WPUB                              00000095
WPUB0                             00000000
WPUB1                             00000001
WPUB2                             00000002
WPUB3                             00000003
WPUB4                             00000004
MPASM  5.51                         7SEG3.ASM   4-3-2025  14:14:17         PAGE 13


SYMBOL TABLE
  LABEL                             VALUE 

WPUB5                             00000005
WPUB6                             00000006
WPUB7                             00000007
WR                                00000001
WREN                              00000002
WRERR                             00000003
WUE                               00000001
Z                                 00000002
_BOR21V                           00003EFF
_BOR40V                           00003FFF
_BOR4V_BOR21V                     00003EFF
_BOR4V_BOR40V                     00003FFF
_BOREN_NSLEEP                     00003EFF
_BOREN_OFF                        00003CFF
_BOREN_ON                         00003FFF
_BOREN_SBODEN                     00003DFF
_BOR_NSLEEP                       00003EFF
_BOR_OFF                          00003CFF
_BOR_ON                           00003FFF
_BOR_SBODEN                       00003DFF
_CONFIG1                          00002007
_CONFIG2                          00002008
_CPD_OFF                          00003FFF
_CPD_ON                           00003F7F
_CP_OFF                           00003FFF
_CP_ON                            00003FBF
_DEBUG_OFF                        00003FFF
_DEBUG_ON                         00001FFF
_DEVID1                           00002006
_EC_OSC                           00003FFB
_EXTRC                            00003FFF
_EXTRCIO                          00003FFE
_EXTRC_OSC_CLKOUT                 00003FFF
_EXTRC_OSC_NOCLKOUT               00003FFE
_FCMEN_OFF                        000037FF
_FCMEN_ON                         00003FFF
_FOSC_EC                          00003FFB
_FOSC_EXTRC_CLKOUT                00003FFF
_FOSC_EXTRC_NOCLKOUT              00003FFE
_FOSC_HS                          00003FFA
_FOSC_INTRC_CLKOUT                00003FFD
_FOSC_INTRC_NOCLKOUT              00003FFC
_FOSC_LP                          00003FF8
_FOSC_XT                          00003FF9
_HS_OSC                           00003FFA
_IDLOC0                           00002000
_IDLOC1                           00002001
_IDLOC2                           00002002
_IDLOC3                           00002003
_IESO_OFF                         00003BFF
_IESO_ON                          00003FFF
_INTOSC                           00003FFD
_INTOSCIO                         00003FFC
MPASM  5.51                         7SEG3.ASM   4-3-2025  14:14:17         PAGE 14


SYMBOL TABLE
  LABEL                             VALUE 

_INTRC_OSC_CLKOUT                 00003FFD
_INTRC_OSC_NOCLKOUT               00003FFC
_LP_OSC                           00003FF8
_LVP_OFF                          00002FFF
_LVP_ON                           00003FFF
_MCLRE_OFF                        00003FDF
_MCLRE_ON                         00003FFF
_PWRTE_OFF                        00003FFF
_PWRTE_ON                         00003FEF
_WDTE_OFF                         00003FF7
_WDTE_ON                          00003FFF
_WDT_OFF                          00003FF7
_WDT_ON                           00003FFF
_WRT_1FOURTH                      00003BFF
_WRT_256                          00003DFF
_WRT_HALF                         000039FF
_WRT_OFF                          00003FFF
_XT_OSC                           00003FF9
__16F887                          00000001
__DEBUG                           1


MEMORY USAGE MAP ('X' = Used,  '-' = Unused)

0000 : XXXXXXXXXXXXXXXX XXXXXXXXXXXXXXXX XXXXXXXXXXXXXXXX XXXXXXXXXXXXXXXX
0040 : XXXXXXXXXXXXXXXX XXXXXXXXXXXXXXXX X--------------- ----------------
2000 : -------XX------- ---------------- ---------------- ----------------

All other memory blocks unused.

Program Memory Words Used:    97
Program Memory Words Free:  8095


Errors   :     0
Warnings :     1 reported,     0 suppressed
Messages :     5 reported,     0 suppressed

